<?xml version="1.0" encoding="UTF-8"?>
<coverage generated="1649699592046" clover="3.2.0">
  <project timestamp="1649699592047" name="All files">
    <metrics statements="5" coveredstatements="5" conditionals="0" coveredconditionals="0" methods="3" coveredmethods="3" elements="8" coveredelements="8" complexity="0" loc="5" ncloc="5" packages="1" files="1" classes="1"/>
    <file name="utils.ts" path="C:\Users\Admin\Documents\Educational projects\Skypro\DevelopmentTools\src\utils.ts">
      <metrics statements="5" coveredstatements="5" conditionals="0" coveredconditionals="0" methods="3" coveredmethods="3"/>
      <line num="2" count="2" type="stmt"/>
      <line num="3" count="3" type="stmt"/>
      <line num="6" count="9" type="stmt"/>
      <line num="8" count="3" type="stmt"/>
      <line num="9" count="3" type="stmt"/>
    </file>
  </project>
</coverage>
