{"C:\\Users\\Admin\\Documents\\Educational projects\\Skypro\\DevelopmentTools\\src\\utils.ts": {"path":"C:\\Users\\Admin\\Documents\\Educational projects\\Skypro\\DevelopmentTools\\src\\utils.ts","statementMap":{"0":{"start":{"line":1,"column":34},"end":{"line":2,"column":34}},"1":{"start":{"line":2,"column":4},"end":{"line":2,"column":34}},"2":{"start":{"line":5,"column":4},"end":{"line":5,"column":49}},"3":{"start":{"line":5,"column":28},"end":{"line":5,"column":47}}},"fnMap":{"0":{"name":"(anonymous_0)","decl":{"start":{"line":1,"column":34},"end":{"line":1,"column":35}},"loc":{"start":{"line":2,"column":4},"end":{"line":2,"column":34}},"line":2},"1":{"name":"shuffle","decl":{"start":{"line":4,"column":16},"end":{"line":4,"column":23}},"loc":{"start":{"line":4,"column":36},"end":{"line":6,"column":1}},"line":4},"2":{"name":"(anonymous_2)","decl":{"start":{"line":5,"column":22},"end":{"line":5,"column":23}},"loc":{"start":{"line":5,"column":28},"end":{"line":5,"column":47}},"line":5}},"branchMap":{},"s":{"0":2,"1":3,"2":2,"3":4},"f":{"0":3,"1":2,"2":4},"b":{},"_coverageSchema":"1a1c01bbd47fc00a2c39e90264f33305004495a9","hash":"77af735137acf4321414059efad536f1be78827b"}
}
