{"C:\\Users\\Admin\\Documents\\Educational projects\\Skypro\\DevelopmentTools\\src\\utils.ts": {"path":"C:\\Users\\Admin\\Documents\\Educational projects\\Skypro\\DevelopmentTools\\src\\utils.ts","statementMap":{"0":{"start":{"line":2,"column":34},"end":{"line":3,"column":34}},"1":{"start":{"line":3,"column":4},"end":{"line":3,"column":34}},"2":{"start":{"line":6,"column":21},"end":{"line":6,"column":58}},"3":{"start":{"line":6,"column":38},"end":{"line":6,"column":57}},"4":{"start":{"line":8,"column":4},"end":{"line":8,"column":25}},"5":{"start":{"line":9,"column":4},"end":{"line":9,"column":18}}},"fnMap":{"0":{"name":"(anonymous_0)","decl":{"start":{"line":2,"column":34},"end":{"line":2,"column":35}},"loc":{"start":{"line":3,"column":4},"end":{"line":3,"column":34}},"line":3},"1":{"name":"shuffle","decl":{"start":{"line":5,"column":16},"end":{"line":5,"column":23}},"loc":{"start":{"line":5,"column":36},"end":{"line":10,"column":1}},"line":5},"2":{"name":"(anonymous_2)","decl":{"start":{"line":6,"column":32},"end":{"line":6,"column":33}},"loc":{"start":{"line":6,"column":38},"end":{"line":6,"column":57}},"line":6}},"branchMap":{},"s":{"0":2,"1":3,"2":3,"3":9,"4":3,"5":3},"f":{"0":3,"1":3,"2":9},"b":{},"_coverageSchema":"1a1c01bbd47fc00a2c39e90264f33305004495a9","hash":"aa2423026a479f809105366fda35c5d690fda2b5"}
}
